{"level":"info","time":"2023-10-11T18:23:42.355+0100","caller":"cmd/lt.go:183","msg":"LambdaTest Tunnel version: 3.1.31"}
{"level":"debug","time":"2023-10-11T18:23:42.356+0100","caller":"core/lifecycle.go:41","msg":"Starting pipeline....."}
{"level":"debug","time":"2023-10-11T18:23:42.356+0100","caller":"core/lifecycle.go:42","msg":"OS: windows, Arch: amd64"}
{"level":"debug","time":"2023-10-11T18:23:42.356+0100","caller":"core/lifecycle.go:43","msg":"Fetching config"}
{"level":"debug","time":"2023-10-11T18:23:42.356+0100","caller":"core/lifecycle.go:65","msg":"Starting tunnel With flags: --user Shyamalm --key ***** --controller npm --infoAPIPort 12724 --tunnelName helios_30012724 --logFile helios_30012724.log --port 12725"}
{"level":"debug","time":"2023-10-11T18:23:43.075+0100","caller":"core/lifecycle.go:83","msg":"Remote config fetched"}
{"level":"debug","time":"2023-10-11T18:23:43.192+0100","caller":"networkscanner/setup.go:63","msg":"Trying on port 22"}
{"level":"debug","time":"2023-10-11T18:23:43.192+0100","caller":"apiserver/setup.go:154","msg":"Starting API server"}
{"level":"debug","time":"2023-10-11T18:23:43.192+0100","caller":"networkscanner/setup.go:97","msg":"Trying on port 443"}
{"level":"debug","time":"2023-10-11T18:23:43.193+0100","caller":"apiserver/setup.go:136","msg":"Starting API server for tunnel info on port: 12724"}
{"level":"debug","time":"2023-10-11T18:23:43.192+0100","caller":"custom/setup.go:752","msg":"Starting sink proxy"}
{"level":"debug","time":"2023-10-11T18:23:43.192+0100","caller":"networkscanner/setup.go:131","msg":"Trying over ssh over ws"}
{"level":"info","time":"2023-10-11T18:23:43.253+0100","caller":"custom/setup.go:699","msg":"Tunnel binary started on port :12725"}
{"level":"debug","time":"2023-10-11T18:23:43.331+0100","caller":"networkscanner/setup.go:148","msg":"WSS connection was successful"}
{"level":"debug","time":"2023-10-11T18:23:44.181+0100","caller":"networkscanner/setup.go:173","msg":"SSH connection over ws successful"}
{"level":"debug","time":"2023-10-11T18:23:44.210+0100","caller":"networkscanner/setup.go:118","msg":"SSH connection over port 443 successful"}
{"level":"debug","time":"2023-10-11T18:23:44.246+0100","caller":"networkscanner/setup.go:84","msg":"SSH connection over port 22 successful"}
{"level":"info","time":"2023-10-11T18:23:44.246+0100","caller":"core/lifecycle.go:120","msg":"Using ssh(over_22) :: connection mode"}
{"level":"info","time":"2023-10-11T18:23:44.246+0100","caller":"core/lifecycle.go:250","msg":"Launching tunnel"}
{"level":"debug","time":"2023-10-11T18:23:44.246+0100","caller":"ws/control.go:34","msg":"Starting control ws connection at wss://ts.lambdatest.com/monitor"}
{"level":"debug","time":"2023-10-11T18:23:44.703+0100","caller":"ws/control.go:72","msg":"Control ws channel opened"}
{"level":"debug","time":"2023-10-11T18:23:44.703+0100","caller":"ws/control.go:131","msg":"Starting message listener on control connection"}
{"level":"debug","time":"2023-10-11T18:23:45.273+0100","caller":"core/lifecycle.go:322","msg":"Sending tunnel registered message to channels"}
{"level":"debug","time":"2023-10-11T18:23:45.273+0100","caller":"ws/control.go:196","msg":"Tunnel registered message received on control channel"}
{"level":"debug","time":"2023-10-11T18:23:45.273+0100","caller":"ws/control.go:200","msg":"controller bus registered"}
{"level":"debug","time":"2023-10-11T18:23:45.273+0100","caller":"ssh/setup.go:71","msg":"Using 5 ssh connection"}
{"level":"debug","time":"2023-10-11T18:23:46.263+0100","caller":"ssh/ssh.go:216","msg":"Successfully started sshd listener on port: 20054"}
{"level":"debug","time":"2023-10-11T18:23:46.287+0100","caller":"ssh/ssh.go:216","msg":"Successfully started sshd listener on port: 16496"}
{"level":"info","time":"2023-10-11T18:23:46.287+0100","caller":"core/lifecycle.go:336","msg":"You can start testing now"}
{"level":"info","time":"2023-10-11T18:23:46.287+0100","caller":"core/lifecycle.go:337","msg":"Tunnel ID: 4943199"}
{"level":"debug","time":"2023-10-11T18:23:46.287+0100","caller":"core/lifecycle.go:338","msg":"Remote Listener Started on Port 15570"}
{"level":"debug","time":"2023-10-11T18:23:46.369+0100","caller":"ssh/ssh.go:216","msg":"Successfully started sshd listener on port: 24008"}
{"level":"debug","time":"2023-10-11T18:23:46.380+0100","caller":"ssh/ssh.go:216","msg":"Successfully started sshd listener on port: 3877"}
{"level":"debug","time":"2023-10-11T18:23:46.494+0100","caller":"ssh/ssh.go:216","msg":"Successfully started sshd listener on port: 24533"}
{"level":"debug","time":"2023-10-11T18:23:48.995+0100","caller":"cmd/lt.go:247","msg":"main: received interrupt signal - attempting graceful shutdown ...."}
{"level":"debug","time":"2023-10-11T18:23:48.995+0100","caller":"cmd/lt.go:249","msg":"main: telling goroutines to stop"}
{"level":"debug","time":"2023-10-11T18:23:48.995+0100","caller":"apiserver/setup.go:132","msg":"Shutting down the server"}
{"level":"debug","time":"2023-10-11T18:23:48.995+0100","caller":"core/lifecycle.go:379","msg":"Context cancelled"}
{"level":"info","time":"2023-10-11T18:23:48.995+0100","caller":"core/lifecycle.go:381","msg":"Stopping tunnel"}
{"level":"debug","time":"2023-10-11T18:23:48.995+0100","caller":"custom/setup.go:740","msg":"Exiting the sink proxy"}
{"level":"debug","time":"2023-10-11T18:23:48.997+0100","caller":"ws/control.go:140","msg":"Unusual close error on control channel..."}
{"level":"debug","time":"2023-10-11T18:23:48.997+0100","caller":"ws/control.go:193","msg":"Write loop ended for control channel"}
